This is pdfTeX, Version 3.14159265-2.6-1.40.18 (MiKTeX 2.9.6500) (preloaded format=pdflatex 2017.11.15)  7 JAN 2018 23:16
entering extended mode
**./Analysis.tex
(Analysis.tex
LaTeX2e <2017-04-15>
Babel <3.15> and hyphenation patterns for 1 language(s) loaded.
(/home/rubytox/.miktex/texmfs/install/tex/latex/base/article.cls
Document Class: article 2014/09/29 v1.4h Standard LaTeX document class
(/home/rubytox/.miktex/texmfs/install/tex/latex/base/size12.clo
File: size12.clo 2014/09/29 v1.4h Standard LaTeX file (size option)
)
\c@part=\count79
\c@section=\count80
\c@subsection=\count81
\c@subsubsection=\count82
\c@paragraph=\count83
\c@subparagraph=\count84
\c@figure=\count85
\c@table=\count86
\abovecaptionskip=\skip41
\belowcaptionskip=\skip42
\bibindent=\dimen102
)
(/home/rubytox/.miktex/texmfs/install/tex/latex/base/inputenc.sty
Package: inputenc 2015/03/17 v1.2c Input encoding file
\inpenc@prehook=\toks14
\inpenc@posthook=\toks15

(/home/rubytox/.miktex/texmfs/install/tex/latex/base/utf8.def
File: utf8.def 2017/01/28 v1.1t UTF-8 support for inputenc
Now handling font encoding OML ...
... no UTF-8 mapping file for font encoding OML
Now handling font encoding T1 ...
... processing UTF-8 mapping file for font encoding T1

(/home/rubytox/.miktex/texmfs/install/tex/latex/base/t1enc.dfu
File: t1enc.dfu 2017/01/28 v1.1t UTF-8 support for inputenc
   defining Unicode char U+00A0 (decimal 160)
   defining Unicode char U+00A1 (decimal 161)
   defining Unicode char U+00A3 (decimal 163)
   defining Unicode char U+00AB (decimal 171)
   defining Unicode char U+00AD (decimal 173)
   defining Unicode char U+00BB (decimal 187)
   defining Unicode char U+00BF (decimal 191)
   defining Unicode char U+00C0 (decimal 192)
   defining Unicode char U+00C1 (decimal 193)
   defining Unicode char U+00C2 (decimal 194)
   defining Unicode char U+00C3 (decimal 195)
   defining Unicode char U+00C4 (decimal 196)
   defining Unicode char U+00C5 (decimal 197)
   defining Unicode char U+00C6 (decimal 198)
   defining Unicode char U+00C7 (decimal 199)
   defining Unicode char U+00C8 (decimal 200)
   defining Unicode char U+00C9 (decimal 201)
   defining Unicode char U+00CA (decimal 202)
   defining Unicode char U+00CB (decimal 203)
   defining Unicode char U+00CC (decimal 204)
   defining Unicode char U+00CD (decimal 205)
   defining Unicode char U+00CE (decimal 206)
   defining Unicode char U+00CF (decimal 207)
   defining Unicode char U+00D0 (decimal 208)
   defining Unicode char U+00D1 (decimal 209)
   defining Unicode char U+00D2 (decimal 210)
   defining Unicode char U+00D3 (decimal 211)
   defining Unicode char U+00D4 (decimal 212)
   defining Unicode char U+00D5 (decimal 213)
   defining Unicode char U+00D6 (decimal 214)
   defining Unicode char U+00D8 (decimal 216)
   defining Unicode char U+00D9 (decimal 217)
   defining Unicode char U+00DA (decimal 218)
   defining Unicode char U+00DB (decimal 219)
   defining Unicode char U+00DC (decimal 220)
   defining Unicode char U+00DD (decimal 221)
   defining Unicode char U+00DE (decimal 222)
   defining Unicode char U+00DF (decimal 223)
   defining Unicode char U+00E0 (decimal 224)
   defining Unicode char U+00E1 (decimal 225)
   defining Unicode char U+00E2 (decimal 226)
   defining Unicode char U+00E3 (decimal 227)
   defining Unicode char U+00E4 (decimal 228)
   defining Unicode char U+00E5 (decimal 229)
   defining Unicode char U+00E6 (decimal 230)
   defining Unicode char U+00E7 (decimal 231)
   defining Unicode char U+00E8 (decimal 232)
   defining Unicode char U+00E9 (decimal 233)
   defining Unicode char U+00EA (decimal 234)
   defining Unicode char U+00EB (decimal 235)
   defining Unicode char U+00EC (decimal 236)
   defining Unicode char U+00ED (decimal 237)
   defining Unicode char U+00EE (decimal 238)
   defining Unicode char U+00EF (decimal 239)
   defining Unicode char U+00F0 (decimal 240)
   defining Unicode char U+00F1 (decimal 241)
   defining Unicode char U+00F2 (decimal 242)
   defining Unicode char U+00F3 (decimal 243)
   defining Unicode char U+00F4 (decimal 244)
   defining Unicode char U+00F5 (decimal 245)
   defining Unicode char U+00F6 (decimal 246)
   defining Unicode char U+00F8 (decimal 248)
   defining Unicode char U+00F9 (decimal 249)
   defining Unicode char U+00FA (decimal 250)
   defining Unicode char U+00FB (decimal 251)
   defining Unicode char U+00FC (decimal 252)
   defining Unicode char U+00FD (decimal 253)
   defining Unicode char U+00FE (decimal 254)
   defining Unicode char U+00FF (decimal 255)
   defining Unicode char U+0100 (decimal 256)
   defining Unicode char U+0101 (decimal 257)
   defining Unicode char U+0102 (decimal 258)
   defining Unicode char U+0103 (decimal 259)
   defining Unicode char U+0104 (decimal 260)
   defining Unicode char U+0105 (decimal 261)
   defining Unicode char U+0106 (decimal 262)
   defining Unicode char U+0107 (decimal 263)
   defining Unicode char U+0108 (decimal 264)
   defining Unicode char U+0109 (decimal 265)
   defining Unicode char U+010A (decimal 266)
   defining Unicode char U+010B (decimal 267)
   defining Unicode char U+010C (decimal 268)
   defining Unicode char U+010D (decimal 269)
   defining Unicode char U+010E (decimal 270)
   defining Unicode char U+010F (decimal 271)
   defining Unicode char U+0110 (decimal 272)
   defining Unicode char U+0111 (decimal 273)
   defining Unicode char U+0112 (decimal 274)
   defining Unicode char U+0113 (decimal 275)
   defining Unicode char U+0114 (decimal 276)
   defining Unicode char U+0115 (decimal 277)
   defining Unicode char U+0116 (decimal 278)
   defining Unicode char U+0117 (decimal 279)
   defining Unicode char U+0118 (decimal 280)
   defining Unicode char U+0119 (decimal 281)
   defining Unicode char U+011A (decimal 282)
   defining Unicode char U+011B (decimal 283)
   defining Unicode char U+011C (decimal 284)
   defining Unicode char U+011D (decimal 285)
   defining Unicode char U+011E (decimal 286)
   defining Unicode char U+011F (decimal 287)
   defining Unicode char U+0120 (decimal 288)
   defining Unicode char U+0121 (decimal 289)
   defining Unicode char U+0122 (decimal 290)
   defining Unicode char U+0123 (decimal 291)
   defining Unicode char U+0124 (decimal 292)
   defining Unicode char U+0125 (decimal 293)
   defining Unicode char U+0128 (decimal 296)
   defining Unicode char U+0129 (decimal 297)
   defining Unicode char U+012A (decimal 298)
   defining Unicode char U+012B (decimal 299)
   defining Unicode char U+012C (decimal 300)
   defining Unicode char U+012D (decimal 301)
   defining Unicode char U+012E (decimal 302)
   defining Unicode char U+012F (decimal 303)
   defining Unicode char U+0130 (decimal 304)
   defining Unicode char U+0131 (decimal 305)
   defining Unicode char U+0132 (decimal 306)
   defining Unicode char U+0133 (decimal 307)
   defining Unicode char U+0134 (decimal 308)
   defining Unicode char U+0135 (decimal 309)
   defining Unicode char U+0136 (decimal 310)
   defining Unicode char U+0137 (decimal 311)
   defining Unicode char U+0139 (decimal 313)
   defining Unicode char U+013A (decimal 314)
   defining Unicode char U+013B (decimal 315)
   defining Unicode char U+013C (decimal 316)
   defining Unicode char U+013D (decimal 317)
   defining Unicode char U+013E (decimal 318)
   defining Unicode char U+0141 (decimal 321)
   defining Unicode char U+0142 (decimal 322)
   defining Unicode char U+0143 (decimal 323)
   defining Unicode char U+0144 (decimal 324)
   defining Unicode char U+0145 (decimal 325)
   defining Unicode char U+0146 (decimal 326)
   defining Unicode char U+0147 (decimal 327)
   defining Unicode char U+0148 (decimal 328)
   defining Unicode char U+014A (decimal 330)
   defining Unicode char U+014B (decimal 331)
   defining Unicode char U+014C (decimal 332)
   defining Unicode char U+014D (decimal 333)
   defining Unicode char U+014E (decimal 334)
   defining Unicode char U+014F (decimal 335)
   defining Unicode char U+0150 (decimal 336)
   defining Unicode char U+0151 (decimal 337)
   defining Unicode char U+0152 (decimal 338)
   defining Unicode char U+0153 (decimal 339)
   defining Unicode char U+0154 (decimal 340)
   defining Unicode char U+0155 (decimal 341)
   defining Unicode char U+0156 (decimal 342)
   defining Unicode char U+0157 (decimal 343)
   defining Unicode char U+0158 (decimal 344)
   defining Unicode char U+0159 (decimal 345)
   defining Unicode char U+015A (decimal 346)
   defining Unicode char U+015B (decimal 347)
   defining Unicode char U+015C (decimal 348)
   defining Unicode char U+015D (decimal 349)
   defining Unicode char U+015E (decimal 350)
   defining Unicode char U+015F (decimal 351)
   defining Unicode char U+0160 (decimal 352)
   defining Unicode char U+0161 (decimal 353)
   defining Unicode char U+0162 (decimal 354)
   defining Unicode char U+0163 (decimal 355)
   defining Unicode char U+0164 (decimal 356)
   defining Unicode char U+0165 (decimal 357)
   defining Unicode char U+0168 (decimal 360)
   defining Unicode char U+0169 (decimal 361)
   defining Unicode char U+016A (decimal 362)
   defining Unicode char U+016B (decimal 363)
   defining Unicode char U+016C (decimal 364)
   defining Unicode char U+016D (decimal 365)
   defining Unicode char U+016E (decimal 366)
   defining Unicode char U+016F (decimal 367)
   defining Unicode char U+0170 (decimal 368)
   defining Unicode char U+0171 (decimal 369)
   defining Unicode char U+0172 (decimal 370)
   defining Unicode char U+0173 (decimal 371)
   defining Unicode char U+0174 (decimal 372)
   defining Unicode char U+0175 (decimal 373)
   defining Unicode char U+0176 (decimal 374)
   defining Unicode char U+0177 (decimal 375)
   defining Unicode char U+0178 (decimal 376)
   defining Unicode char U+0179 (decimal 377)
   defining Unicode char U+017A (decimal 378)
   defining Unicode char U+017B (decimal 379)
   defining Unicode char U+017C (decimal 380)
   defining Unicode char U+017D (decimal 381)
   defining Unicode char U+017E (decimal 382)
   defining Unicode char U+01CD (decimal 461)
   defining Unicode char U+01CE (decimal 462)
   defining Unicode char U+01CF (decimal 463)
   defining Unicode char U+01D0 (decimal 464)
   defining Unicode char U+01D1 (decimal 465)
   defining Unicode char U+01D2 (decimal 466)
   defining Unicode char U+01D3 (decimal 467)
   defining Unicode char U+01D4 (decimal 468)
   defining Unicode char U+01E2 (decimal 482)
   defining Unicode char U+01E3 (decimal 483)
   defining Unicode char U+01E6 (decimal 486)
   defining Unicode char U+01E7 (decimal 487)
   defining Unicode char U+01E8 (decimal 488)
   defining Unicode char U+01E9 (decimal 489)
   defining Unicode char U+01EA (decimal 490)
   defining Unicode char U+01EB (decimal 491)
   defining Unicode char U+01F0 (decimal 496)
   defining Unicode char U+01F4 (decimal 500)
   defining Unicode char U+01F5 (decimal 501)
   defining Unicode char U+0218 (decimal 536)
   defining Unicode char U+0219 (decimal 537)
   defining Unicode char U+021A (decimal 538)
   defining Unicode char U+021B (decimal 539)
   defining Unicode char U+0232 (decimal 562)
   defining Unicode char U+0233 (decimal 563)
   defining Unicode char U+1E02 (decimal 7682)
   defining Unicode char U+1E03 (decimal 7683)
   defining Unicode char U+200C (decimal 8204)
   defining Unicode char U+2010 (decimal 8208)
   defining Unicode char U+2011 (decimal 8209)
   defining Unicode char U+2012 (decimal 8210)
   defining Unicode char U+2013 (decimal 8211)
   defining Unicode char U+2014 (decimal 8212)
   defining Unicode char U+2015 (decimal 8213)
   defining Unicode char U+2018 (decimal 8216)
   defining Unicode char U+2019 (decimal 8217)
   defining Unicode char U+201A (decimal 8218)
   defining Unicode char U+201C (decimal 8220)
   defining Unicode char U+201D (decimal 8221)
   defining Unicode char U+201E (decimal 8222)
   defining Unicode char U+2030 (decimal 8240)
   defining Unicode char U+2031 (decimal 8241)
   defining Unicode char U+2039 (decimal 8249)
   defining Unicode char U+203A (decimal 8250)
   defining Unicode char U+2423 (decimal 9251)
   defining Unicode char U+1E20 (decimal 7712)
   defining Unicode char U+1E21 (decimal 7713)
)
Now handling font encoding OT1 ...
... processing UTF-8 mapping file for font encoding OT1

(/home/rubytox/.miktex/texmfs/install/tex/latex/base/ot1enc.dfu
File: ot1enc.dfu 2017/01/28 v1.1t UTF-8 support for inputenc
   defining Unicode char U+00A0 (decimal 160)
   defining Unicode char U+00A1 (decimal 161)
   defining Unicode char U+00A3 (decimal 163)
   defining Unicode char U+00AD (decimal 173)
   defining Unicode char U+00B8 (decimal 184)
   defining Unicode char U+00BF (decimal 191)
   defining Unicode char U+00C5 (decimal 197)
   defining Unicode char U+00C6 (decimal 198)
   defining Unicode char U+00D8 (decimal 216)
   defining Unicode char U+00DF (decimal 223)
   defining Unicode char U+00E6 (decimal 230)
   defining Unicode char U+00EC (decimal 236)
   defining Unicode char U+00ED (decimal 237)
   defining Unicode char U+00EE (decimal 238)
   defining Unicode char U+00EF (decimal 239)
   defining Unicode char U+00F8 (decimal 248)
   defining Unicode char U+0131 (decimal 305)
   defining Unicode char U+0141 (decimal 321)
   defining Unicode char U+0142 (decimal 322)
   defining Unicode char U+0152 (decimal 338)
   defining Unicode char U+0153 (decimal 339)
   defining Unicode char U+0174 (decimal 372)
   defining Unicode char U+0175 (decimal 373)
   defining Unicode char U+0176 (decimal 374)
   defining Unicode char U+0177 (decimal 375)
   defining Unicode char U+0218 (decimal 536)
   defining Unicode char U+0219 (decimal 537)
   defining Unicode char U+021A (decimal 538)
   defining Unicode char U+021B (decimal 539)
   defining Unicode char U+2013 (decimal 8211)
   defining Unicode char U+2014 (decimal 8212)
   defining Unicode char U+2018 (decimal 8216)
   defining Unicode char U+2019 (decimal 8217)
   defining Unicode char U+201C (decimal 8220)
   defining Unicode char U+201D (decimal 8221)
)
Now handling font encoding OMS ...
... processing UTF-8 mapping file for font encoding OMS

(/home/rubytox/.miktex/texmfs/install/tex/latex/base/omsenc.dfu
File: omsenc.dfu 2017/01/28 v1.1t UTF-8 support for inputenc
   defining Unicode char U+00A7 (decimal 167)
   defining Unicode char U+00B6 (decimal 182)
   defining Unicode char U+00B7 (decimal 183)
   defining Unicode char U+2020 (decimal 8224)
   defining Unicode char U+2021 (decimal 8225)
   defining Unicode char U+2022 (decimal 8226)
)
Now handling font encoding OMX ...
... no UTF-8 mapping file for font encoding OMX
Now handling font encoding U ...
... no UTF-8 mapping file for font encoding U
   defining Unicode char U+00A9 (decimal 169)
   defining Unicode char U+00AA (decimal 170)
   defining Unicode char U+00AE (decimal 174)
   defining Unicode char U+00BA (decimal 186)
   defining Unicode char U+02C6 (decimal 710)
   defining Unicode char U+02DC (decimal 732)
   defining Unicode char U+200C (decimal 8204)
   defining Unicode char U+2026 (decimal 8230)
   defining Unicode char U+2122 (decimal 8482)
   defining Unicode char U+2423 (decimal 9251)
))
(/home/rubytox/.miktex/texmfs/install/tex/latex/base/fontenc.sty
Package: fontenc 2017/04/05 v2.0i Standard LaTeX package

(/home/rubytox/.miktex/texmfs/install/tex/latex/base/t1enc.def
File: t1enc.def 2017/04/05 v2.0i Standard LaTeX file
LaTeX Font Info:    Redeclaring font encoding T1 on input line 48.
))
(/home/rubytox/.miktex/texmfs/install/tex/generic/babel/babel.sty
Package: babel 2017/11/03 3.15 The Babel package

(/home/rubytox/.miktex/texmfs/install/tex/generic/babel/switch.def
File: switch.def 2017/11/03 3.15 Babel switching mechanism
)
*************************************
* Local config file bblopts.cfg used
*
(/home/rubytox/.miktex/texmfs/install/tex/latex/arabi/bblopts.cfg
File: bblopts.cfg 2005/09/08 v0.1 add Arabic and Farsi to "declared" options of
 babel
)
(/home/rubytox/.miktex/texmfs/install/tex/generic/babel-french/francais.ldf
Language: francais 2017/10/19 v3.3d French support from the babel system


Package francais.ldf Warning: Option `francais' for Babel is *deprecated*,
(francais.ldf)                it might be removed sooner or later. Please
(francais.ldf)                use `french' instead; reported on input line 31.

(/home/rubytox/.miktex/texmfs/install/tex/generic/babel-french/french.ldf
Language: french 2017/10/19 v3.3d French support from the babel system

(/home/rubytox/.miktex/texmfs/install/tex/generic/babel/babel.def
File: babel.def 2017/11/03 3.15 Babel common definitions

(/home/rubytox/.miktex/texmfs/install/tex/generic/babel/switch.def
File: switch.def 2017/11/03 3.15 Babel switching mechanism
)
\babel@savecnt=\count87
\U@D=\dimen103
)
\l@french = a dialect from \language\l@nohyphenation 


Package babel Warning: No hyphenation patterns were preloaded for
(babel)                the language `French' into the format.
(babel)                Please, configure your TeX system to add them and
(babel)                rebuild the format. Now I will use the patterns
(babel)                preloaded for \language=nohyphenation instead on input l
ine 44.

\FB@nonchar=\count88
\FBcolonsp=\toks16
\FBthinsp=\toks17
Package babel Info: Making : an active character on input line 322.
Package babel Info: Making ; an active character on input line 323.
Package babel Info: Making ! an active character on input line 324.
Package babel Info: Making ? an active character on input line 325.
\FBguillsp=\toks18
\FBguill@level=\count89
\FB@everypar=\toks19
\FB@Mht=\dimen104
\mc@charclass=\count90
\mc@charfam=\count91
\mc@charslot=\count92
\std@mcc=\count93
\dec@mcc=\count94
\c@FBcaption@count=\count95
\listindentFB=\skip43
\descindentFB=\skip44
\labelwidthFB=\skip45
\leftmarginFB=\skip46
\parindentFFN=\dimen105
\FBfnindent=\skip47
))) (/home/rubytox/.miktex/texmfs/install/tex/latex/carlisle/scalefnt.sty)
(/home/rubytox/.miktex/texmfs/install/tex/latex/graphics/keyval.sty
Package: keyval 2014/10/28 v1.15 key=value parser (DPC)
\KV@toks@=\toks20
)
(/home/rubytox/.miktex/texmfs/install/tex/latex/graphics/graphicx.sty
Package: graphicx 2017/06/01 v1.1a Enhanced LaTeX Graphics (DPC,SPQR)

(/home/rubytox/.miktex/texmfs/install/tex/latex/graphics/graphics.sty
Package: graphics 2017/06/25 v1.2c Standard LaTeX Graphics (DPC,SPQR)

(/home/rubytox/.miktex/texmfs/install/tex/latex/graphics/trig.sty
Package: trig 2016/01/03 v1.10 sin cos tan (DPC)
)
(/home/rubytox/.miktex/texmfs/install/tex/latex/graphics-cfg/graphics.cfg
File: graphics.cfg 2016/06/04 v1.11 sample graphics configuration
)
Package graphics Info: Driver file: pdftex.def on input line 99.

(/home/rubytox/.miktex/texmfs/install/tex/latex/graphics-def/pdftex.def
File: pdftex.def 2017/06/24 v1.0g Graphics/color driver for pdftex
))
\Gin@req@height=\dimen106
\Gin@req@width=\dimen107
)
(/home/rubytox/.miktex/texmfs/install/tex/latex/base/makeidx.sty
Package: makeidx 2014/09/29 v1.0m Standard LaTeX package
)
(/home/rubytox/.miktex/texmfs/install/tex/latex/geometry-de/geometry.sty
Package: geometry 2010/09/12 v5.6 Page Geometry

(/home/rubytox/.miktex/texmfs/install/tex/generic/oberdiek/ifpdf.sty
Package: ifpdf 2017/03/15 v3.2 Provides the ifpdf switch
)
(/home/rubytox/.miktex/texmfs/install/tex/generic/oberdiek/ifvtex.sty
Package: ifvtex 2016/05/16 v1.6 Detect VTeX and its facilities (HO)
Package ifvtex Info: VTeX not detected.
)
(/home/rubytox/.miktex/texmfs/install/tex/generic/ifxetex/ifxetex.sty
Package: ifxetex 2010/09/12 v0.6 Provides ifxetex conditional
)
\Gm@cnth=\count96
\Gm@cntv=\count97
\c@Gm@tempcnt=\count98
\Gm@bindingoffset=\dimen108
\Gm@wd@mp=\dimen109
\Gm@odd@mp=\dimen110
\Gm@even@mp=\dimen111
\Gm@layoutwidth=\dimen112
\Gm@layoutheight=\dimen113
\Gm@layouthoffset=\dimen114
\Gm@layoutvoffset=\dimen115
\Gm@dimlist=\toks21

(/home/rubytox/.miktex/texmfs/install/tex/latex/geometry/geometry.cfg))
\@indexfile=\write3
\openout3 = `Analysis.idx'.


Writing index file Analysis.idx
(Analysis.aux)
\openout1 = `Analysis.aux'.

LaTeX Font Info:    Checking defaults for OML/cmm/m/it on input line 18.
LaTeX Font Info:    ... okay on input line 18.
LaTeX Font Info:    Checking defaults for T1/cmr/m/n on input line 18.
LaTeX Font Info:    ... okay on input line 18.
LaTeX Font Info:    Checking defaults for OT1/cmr/m/n on input line 18.
LaTeX Font Info:    ... okay on input line 18.
LaTeX Font Info:    Checking defaults for OMS/cmsy/m/n on input line 18.
LaTeX Font Info:    ... okay on input line 18.
LaTeX Font Info:    Checking defaults for OMX/cmex/m/n on input line 18.
LaTeX Font Info:    ... okay on input line 18.
LaTeX Font Info:    Checking defaults for U/cmr/m/n on input line 18.
LaTeX Font Info:    ... okay on input line 18.
LaTeX Info: Redefining \degres on input line 18.
LaTeX Info: Redefining \dots on input line 18.
LaTeX Info: Redefining \up on input line 18.

(/home/rubytox/.miktex/texmfs/install/tex/context/base/supp-pdf.mkii
[Loading MPS to PDF converter (version 2006.09.02).]
\scratchcounter=\count99
\scratchdimen=\dimen116
\scratchbox=\box26
\nofMPsegments=\count100
\nofMParguments=\count101
\everyMPshowfont=\toks22
\MPscratchCnt=\count102
\MPscratchDim=\dimen117
\MPnumerator=\count103
\makeMPintoPDFobject=\count104
\everyMPtoPDFconversion=\toks23
) (/home/rubytox/.miktex/texmfs/install/tex/latex/oberdiek/epstopdf-base.sty
Package: epstopdf-base 2016/05/15 v2.6 Base part for package epstopdf

(/home/rubytox/.miktex/texmfs/install/tex/generic/oberdiek/infwarerr.sty
Package: infwarerr 2016/05/16 v1.4 Providing info/warning/error messages (HO)
)
(/home/rubytox/.miktex/texmfs/install/tex/latex/oberdiek/grfext.sty
Package: grfext 2016/05/16 v1.2 Manage graphics extensions (HO)

(/home/rubytox/.miktex/texmfs/install/tex/generic/oberdiek/kvdefinekeys.sty
Package: kvdefinekeys 2016/05/16 v1.4 Define keys (HO)

(/home/rubytox/.miktex/texmfs/install/tex/generic/oberdiek/ltxcmds.sty
Package: ltxcmds 2016/05/16 v1.23 LaTeX kernel commands for general use (HO)
)))
(/home/rubytox/.miktex/texmfs/install/tex/latex/oberdiek/kvoptions.sty
Package: kvoptions 2016/05/16 v3.12 Key value format for package options (HO)

(/home/rubytox/.miktex/texmfs/install/tex/generic/oberdiek/kvsetkeys.sty
Package: kvsetkeys 2016/05/16 v1.17 Key value parser (HO)

(/home/rubytox/.miktex/texmfs/install/tex/generic/oberdiek/etexcmds.sty
Package: etexcmds 2016/05/16 v1.6 Avoid name clashes with e-TeX commands (HO)

(/home/rubytox/.miktex/texmfs/install/tex/generic/oberdiek/ifluatex.sty
Package: ifluatex 2016/05/16 v1.4 Provides the ifluatex switch (HO)
Package ifluatex Info: LuaTeX not detected.
)
Package etexcmds Info: Could not find \expanded.
(etexcmds)             That can mean that you are not using pdfTeX 1.50 or
(etexcmds)             that some package has redefined \expanded.
(etexcmds)             In the latter case, load this package earlier.
)))
(/home/rubytox/.miktex/texmfs/install/tex/generic/oberdiek/pdftexcmds.sty
Package: pdftexcmds 2017/03/19 v0.25 Utility functions of pdfTeX for LuaTeX (HO
)
Package pdftexcmds Info: LuaTeX not detected.
Package pdftexcmds Info: \pdf@primitive is available.
Package pdftexcmds Info: \pdf@ifprimitive is available.
Package pdftexcmds Info: \pdfdraftmode found.
)
Package epstopdf-base Info: Redefining graphics rule for `.eps' on input line 4
38.
Package grfext Info: Graphics extension search list:
(grfext)             [.pdf,.png,.jpg,.mps,.jpeg,.jbig2,.jb2,.PDF,.PNG,.JPG,.JPE
G,.JBIG2,.JB2,.eps]
(grfext)             \AppendGraphicsExtensions on input line 456.
)
*geometry* driver: auto-detecting
*geometry* detected driver: pdftex
*geometry* verbose mode - [ preamble ] result:
* driver: pdftex
* paper: <default>
* layout: <same size as paper>
* layoutoffset:(h,v)=(0.0pt,0.0pt)
* modes: 
* h-part:(L,W,R)=(56.9055pt, 500.484pt, 56.9055pt)
* v-part:(T,H,B)=(56.9055pt, 681.15898pt, 56.9055pt)
* \paperwidth=614.295pt
* \paperheight=794.96999pt
* \textwidth=500.484pt
* \textheight=681.15898pt
* \oddsidemargin=-15.36449pt
* \evensidemargin=-15.36449pt
* \topmargin=-52.36449pt
* \headheight=12.0pt
* \headsep=25.0pt
* \topskip=12.0pt
* \footskip=30.0pt
* \marginparwidth=44.0pt
* \marginparsep=10.0pt
* \columnsep=10.0pt
* \skip\footins=10.8pt plus 4.0pt minus 2.0pt
* \hoffset=0.0pt
* \voffset=0.0pt
* \mag=1000
* \@twocolumnfalse
* \@twosidefalse
* \@mparswitchfalse
* \@reversemarginfalse
* (1in=72.27pt=25.4mm, 1cm=28.453pt)

LaTeX Font Info:    External font `cmex10' loaded for size
(Font)              <14.4> on input line 20.
LaTeX Font Info:    External font `cmex10' loaded for size
(Font)              <7> on input line 20.
(Analysis.toc
LaTeX Font Info:    External font `cmex10' loaded for size
(Font)              <12> on input line 3.
LaTeX Font Info:    External font `cmex10' loaded for size
(Font)              <8> on input line 3.
LaTeX Font Info:    External font `cmex10' loaded for size
(Font)              <6> on input line 3.
)
\tf@toc=\write4
\openout4 = `Analysis.toc'.

 [1

{/home/rubytox/.miktex/texmfs/data/pdftex/config/pdftex.map}]
Overfull \hbox (12.11726pt too wide) in paragraph at lines 50--51
[]\T1/cmr/m/n/12 Les pathologies les plus courantes des hématies affectent leur
 taille, leur forme et leur concentration
 []

[2]
Overfull \hbox (2.83191pt too wide) in paragraph at lines 62--63
[]\T1/cmr/m/n/12 Au contraire, un taux anormalement \T1/cmr/bx/n/12 élevé \T1/c
mr/m/n/12 en érythrocytes est caractéristique d'une \T1/cmr/m/it/12 polyglobuli
e[]\T1/cmr/m/n/12 .
 []


Overfull \hbox (5.37433pt too wide) in paragraph at lines 64--65
[]\T1/cmr/m/n/12 Une polyglobulie peut provenir également d'une \T1/cmr/m/it/12
 hypoxie[] \T1/cmr/m/n/12 : les tissus sont insuffisamment oxygénés,
 []

[3]
Overfull \hbox (26.89537pt too wide) in paragraph at lines 106--107
\T1/cmr/bx/n/12 corpusculaire moyenne en hémoglobine \T1/cmr/m/n/12 (C.C.M.H.) 
sont deux indicateurs désignant respectivement
 []


Overfull \hbox (20.05011pt too wide) in paragraph at lines 106--107
\T1/cmr/m/n/12 la quantité moyenne d'hémoglobine se trouvant dans \T1/cmr/m/it/
12 une \T1/cmr/m/n/12 hématie et la quantité moyenne d'hémoglobine
 []


Overfull \hbox (10.3106pt too wide) in paragraph at lines 111--112
\T1/cmr/m/n/12 cellules sanguines, notamment les hématies et les plaquettes. On
 distingue l'anisocytose \T1/cmr/m/it/12 érythrocytaire[]
 []

[4]
Overfull \hbox (7.14758pt too wide) in paragraph at lines 130--131
[]\T1/cmr/m/n/12 Les \T1/cmr/m/it/12 granulocytes[] \T1/cmr/m/n/12 : ils représ
entent entre $\OT1/cmr/m/n/12 40$ \T1/cmr/m/n/12 et $\OT1/cmr/m/n/12 80$\T1/cmr
/m/n/12 % des leucocytes de l'organisme. Ils regroupent
 []


Overfull \hbox (11.02303pt too wide) in paragraph at lines 131--132
[]\T1/cmr/m/n/12 Les \T1/cmr/m/it/12 lymphocytes[] \T1/cmr/m/n/12 : ils représe
ntent entre $\OT1/cmr/m/n/12 20$ \T1/cmr/m/n/12 et $\OT1/cmr/m/n/12 40$\T1/cmr/
m/n/12 % des leucocytes, et regroupent les lymphocytes
 []


Overfull \hbox (9.90509pt too wide) in paragraph at lines 145--146
[]\T1/cmr/bx/n/12 les cellules dendritiques \T1/cmr/m/n/12 : elles permettent l
'activation de la réponse immunitaire adaptative
 []

[5]
Overfull \hbox (15.70645pt too wide) in paragraph at lines 160--161
[]\T1/cmr/m/n/12 Les réponses allergiques sont causées par une libération d'his
tamine par les granulocytes basophiles. 
 []


Overfull \hbox (13.5044pt too wide) in paragraph at lines 162--163
[]\T1/cmr/m/n/12 Le \T1/cmr/bx/n/12 Virus d'Immunodéficience Humaine \T1/cmr/m/
n/12 (VIH)[] est à l'origine du \T1/cmr/m/it/12 syndrome d'immunodéficience
 []


Overfull \hbox (1.6713pt too wide) in paragraph at lines 180--181
\T1/cmr/m/n/12 sexuels. Des traitements médicaux peuvent également être mis en 
place afin de traiter les pathologies
 []

[6]
Overfull \hbox (15.96895pt too wide) in paragraph at lines 231--232
[]\T1/cmr/m/n/12 Les néoplasies (i.e. cancer profond ou avec métastases, lympho
me hodgkinien et non hodgkinien,
 []

[7]
Overfull \hbox (9.37639pt too wide) in paragraph at lines 250--251
[]\T1/cmr/m/n/12 Le dosage des transaminases permet de détecter un problème au 
niveau du foie : leur concentration
 []


Overfull \hbox (4.67322pt too wide) in paragraph at lines 259--260
\T1/cmr/m/n/12 acides aminés. En revanche, ces enzymes ne se transforment jamai
s et ne modifient aucun composant,
 []

[8]
Overfull \hbox (13.2072pt too wide) in paragraph at lines 261--262
\T1/cmr/m/n/12 également faire s'élever le taux de gamma-GT, tels que : les mal
adies hépato-biliaires, l'hyperlipidémie,
 []


Overfull \hbox (0.29117pt too wide) in paragraph at lines 275--276
[]\T1/cmr/m/n/12 Le dosage des PAL nécessite d'être à jeun lors de la prise de 
sang. Une élévation des phosphatases
 []


Overfull \hbox (0.10902pt too wide) in paragraph at lines 279--280
[]\T1/cmr/m/n/12 Dans un organisme en bonne santé, la concentration en phosphat
ases alcalines doit être comprise
 []


Overfull \hbox (3.89427pt too wide) in paragraph at lines 288--289
[]\T1/cmr/m/n/12 Lors d'une analyse sanguine, l'aspect du sérum permet de décel
er une dyslipidémie[]. Ce paramètre
 []

[9]
Overfull \hbox (13.03094pt too wide) in paragraph at lines 295--296
[]\T1/cmr/m/n/12 La mesure de la quantité de triglycérides permet de détecter d
es maladies telles que la dyslipidémie[],
 []

[10]
<03-01-2018/p1.JPG, id=44, 593.5776pt x 809.424pt>
File: 03-01-2018/p1.JPG Graphic file (type jpg)
<use 03-01-2018/p1.JPG>
Package pdftex.def Info: 03-01-2018/p1.JPG  used on input line 310. on input li
ne 310.
Package pdftex.def Info: Requested size: 593.57616pt x 809.42203pt on input lin
e 310.
<03-01-2018/p2.JPG, id=45, 593.5776pt x 820.9872pt>
File: 03-01-2018/p2.JPG Graphic file (type jpg)
<use 03-01-2018/p2.JPG>
Package pdftex.def Info: 03-01-2018/p2.JPG  used on input line 317. on input li
ne 317.
Package pdftex.def Info: Requested size: 468.92117pt x 648.57278pt on input lin
e 317.


LaTeX Warning: Float too large for page by 7.24657pt on input line 320.

[11 <./03-01-2018/p1.JPG>]

LaTeX Warning: `!h' float specifier changed to `!ht'.

<03-01-2018/p3.JPG, id=50, 593.5776pt x 820.9872pt>
File: 03-01-2018/p3.JPG Graphic file (type jpg)
<use 03-01-2018/p3.JPG>
Package pdftex.def Info: 03-01-2018/p3.JPG  used on input line 324. on input li
ne 324.
Package pdftex.def Info: Requested size: 468.92117pt x 648.57278pt on input lin
e 324.

LaTeX Warning: Float too large for page by 7.24657pt on input line 327.


LaTeX Warning: `!h' float specifier changed to `!ht'.

<03-01-2018/p4.JPG, id=51, 593.5776pt x 820.9872pt>
File: 03-01-2018/p4.JPG Graphic file (type jpg)
<use 03-01-2018/p4.JPG>
Package pdftex.def Info: 03-01-2018/p4.JPG  used on input line 331. on input li
ne 331.
Package pdftex.def Info: Requested size: 468.92117pt x 648.57278pt on input lin
e 331.

LaTeX Warning: Float too large for page by 7.24657pt on input line 334.


LaTeX Warning: `!h' float specifier changed to `!ht'.

(Analysis.ind [12] [13 <./03-01-2018/p2.JPG>] [14 <./03-01-2018/p3.JPG>]
[15 <./03-01-2018/p4.JPG>] [16

]
Overfull \hbox (23.93944pt too wide) in paragraph at lines 125--127
[]\T1/cmr/m/n/12 sérum-glutamyl-oxaloacétate-transférase, \T1/cmr/m/it/12 voir 
\T1/cmr/m/n/12 SGOT 
 []


Overfull \hbox (4.19565pt too wide) in paragraph at lines 127--129
[]\T1/cmr/m/n/12 sérum-glutamyl-pyruvate-transférase, \T1/cmr/m/it/12 voir \T1/
cmr/m/n/12 SGPT 
 []

[17

]) (Analysis.lof)
\tf@lof=\write5
\openout5 = `Analysis.lof'.

 [18

] (Analysis.aux) ) 
Here is how much of TeX's memory you used:
 3701 strings out of 495212
 51156 string characters out of 3181238
 119408 words of memory out of 3000000
 6929 multiletter control sequences out of 15000+200000
 15502 words of font info for 37 fonts, out of 3000000 for 9000
 14 hyphenation exceptions out of 8191
 41i,8n,30p,1016b,423s stack positions out of 5000i,500n,10000p,200000b,50000s
 </home/rubytox/.miktex/texmfs/data/fonts/pk/ljfour/jknappen/
ec/dpi600/eccc1200.pk> </home/rubytox/.miktex/texmfs/data/fonts/pk/ljfour/jknap
pen/ec/dpi600/ecti1200.pk> </home/rubytox/.miktex/texmfs/data/fonts/pk/ljfour/j
knappen/ec/dpi600/ecbx1440.pk> </home/rubytox/.miktex/texmfs/data/fonts/pk/ljfo
ur/jknappen/ec/dpi600/ecrm1200.pk> </home/rubytox/.miktex/texmfs/data/fonts/pk/
ljfour/jknappen/ec/dpi600/ecbx1200.pk> </home/rubytox/.miktex/texmfs/data/fonts
/pk/ljfour/jknappen/ec/dpi600/ecbx1728.pk> </home/rubytox/.miktex/texmfs/data/f
onts/pk/ljfour/jknappen/ec/dpi600/eccc1440.pk> </home/rubytox/.miktex/texmfs/da
ta/fonts/pk/ljfour/jknappen/ec/dpi600/ecrm1440.pk> </home/rubytox/.miktex/texmf
s/data/fonts/pk/ljfour/jknappen/ec/dpi600/ecbx2074.pk></home/rubytox/.miktex/te
xmfs/install/fonts/type1/public/amsfonts/cm/cmmi12.pfb></home/rubytox/.miktex/t
exmfs/install/fonts/type1/public/amsfonts/cm/cmr12.pfb></home/rubytox/.miktex/t
exmfs/install/fonts/type1/public/amsfonts/cm/cmr8.pfb></home/rubytox/.miktex/te
xmfs/install/fonts/type1/public/amsfonts/cm/cmsy10.pfb></home/rubytox/.miktex/t
exmfs/install/fonts/type1/public/amsfonts/cm/cmsy8.pfb>
Output written on Analysis.pdf (18 pages, 4550047 bytes).
PDF statistics:
 412 PDF objects out of 1000 (max. 8388607)
 0 named destinations out of 1000 (max. 500000)
 21 words of extra memory for PDF output out of 10000 (max. 10000000)

